<?xml version="1.0" encoding="UTF-8"?>
<coverage generated="1586108315368" clover="3.2.0">
    <project timestamp="1586108315368" name="All files">
        <metrics statements="100" coveredstatements="100" conditionals="8" coveredconditionals="8" methods="42"
                 coveredmethods="42" elements="150" coveredelements="150" complexity="0" loc="100" ncloc="100"
                 packages="3" files="6" classes="6"/>
        <package name="controllers">
            <metrics statements="53" coveredstatements="53" conditionals="6" coveredconditionals="6" methods="18"
                     coveredmethods="18"/>
            <file name="cart-controller.js" path="C:\Users\madis\IdeaProjects\CS188-6pm\controllers\cart-controller.js">
                <metrics statements="14" coveredstatements="14" conditionals="2" coveredconditionals="2" methods="5"
                         coveredmethods="5"/>
                <line num="4" count="1" type="stmt"/>
                <line num="6" count="1" type="stmt"/>
                <line num="7" count="1" type="stmt"/>
                <line num="8" count="1" type="stmt"/>
                <line num="14" count="1" type="stmt"/>
                <line num="15" count="1" type="stmt"/>
                <line num="17" count="3" type="stmt"/>
                <line num="19" count="3" type="cond" truecount="2" falsecount="0"/>
                <line num="20" count="2" type="stmt"/>
                <line num="23" count="1" type="stmt"/>
                <line num="30" count="1" type="stmt"/>
                <line num="31" count="1" type="stmt"/>
                <line num="32" count="1" type="stmt"/>
                <line num="35" count="1" type="stmt"/>
            </file>
            <file name="customer-controller.js"
                  path="C:\Users\madis\IdeaProjects\CS188-6pm\controllers\customer-controller.js">
                <metrics statements="39" coveredstatements="39" conditionals="4" coveredconditionals="4" methods="13"
                         coveredmethods="13"/>
                <line num="7" count="1" type="stmt"/>
                <line num="8" count="1" type="stmt"/>
                <line num="10" count="1" type="stmt"/>
                <line num="11" count="1" type="stmt"/>
                <line num="13" count="2" type="stmt"/>
                <line num="14" count="2" type="stmt"/>
                <line num="16" count="2" type="cond" truecount="2" falsecount="0"/>
                <line num="17" count="1" type="stmt"/>
                <line num="20" count="1" type="stmt"/>
                <line num="27" count="1" type="stmt"/>
                <line num="28" count="1" type="stmt"/>
                <line num="29" count="1" type="stmt"/>
                <line num="35" count="1" type="stmt"/>
                <line num="36" count="1" type="stmt"/>
                <line num="38" count="1" type="stmt"/>
                <line num="40" count="1" type="stmt"/>
                <line num="42" count="1" type="stmt"/>
                <line num="49" count="1" type="stmt"/>
                <line num="50" count="1" type="stmt"/>
                <line num="52" count="1" type="stmt"/>
                <line num="54" count="1" type="stmt"/>
                <line num="61" count="1" type="stmt"/>
                <line num="62" count="1" type="stmt"/>
                <line num="64" count="1" type="stmt"/>
                <line num="66" count="1" type="stmt"/>
                <line num="73" count="1" type="stmt"/>
                <line num="74" count="1" type="stmt"/>
                <line num="76" count="2" type="stmt"/>
                <line num="78" count="2" type="cond" truecount="2" falsecount="0"/>
                <line num="79" count="1" type="stmt"/>
                <line num="82" count="1" type="stmt"/>
                <line num="89" count="1" type="stmt"/>
                <line num="90" count="1" type="stmt"/>
                <line num="91" count="1" type="stmt"/>
                <line num="92" count="1" type="stmt"/>
                <line num="93" count="1" type="stmt"/>
                <line num="94" count="1" type="stmt"/>
                <line num="95" count="1" type="stmt"/>
                <line num="98" count="1" type="stmt"/>
            </file>
        </package>
        <package name="repositories">
            <metrics statements="20" coveredstatements="20" conditionals="0" coveredconditionals="0" methods="13"
                     coveredmethods="13"/>
            <file name="cart-repository.js"
                  path="C:\Users\madis\IdeaProjects\CS188-6pm\repositories\cart-repository.js">
                <metrics statements="7" coveredstatements="7" conditionals="0" coveredconditionals="0" methods="5"
                         coveredmethods="5"/>
                <line num="1" count="4" type="stmt"/>
                <line num="12" count="4" type="stmt"/>
                <line num="16" count="4" type="stmt"/>
                <line num="17" count="3" type="stmt"/>
                <line num="19" count="4" type="stmt"/>
                <line num="20" count="4" type="stmt"/>
                <line num="23" count="4" type="stmt"/>
            </file>
            <file name="customer-repository.js"
                  path="C:\Users\madis\IdeaProjects\CS188-6pm\repositories\customer-repository.js">
                <metrics statements="13" coveredstatements="13" conditionals="0" coveredconditionals="0" methods="8"
                         coveredmethods="8"/>
                <line num="1" count="3" type="stmt"/>
                <line num="10" count="3" type="stmt"/>
                <line num="14" count="3" type="stmt"/>
                <line num="15" count="3" type="stmt"/>
                <line num="17" count="3" type="stmt"/>
                <line num="19" count="3" type="stmt"/>
                <line num="20" count="1" type="stmt"/>
                <line num="21" count="1" type="stmt"/>
                <line num="24" count="1" type="stmt"/>
                <line num="30" count="3" type="stmt"/>
                <line num="31" count="1" type="stmt"/>
                <line num="32" count="1" type="stmt"/>
                <line num="36" count="3" type="stmt"/>
            </file>
        </package>
        <package name="services">
            <metrics statements="27" coveredstatements="27" conditionals="2" coveredconditionals="2" methods="11"
                     coveredmethods="11"/>
            <file name="cart-service.js" path="C:\Users\madis\IdeaProjects\CS188-6pm\services\cart-service.js">
                <metrics statements="12" coveredstatements="12" conditionals="0" coveredconditionals="0" methods="4"
                         coveredmethods="4"/>
                <line num="5" count="3" type="stmt"/>
                <line num="7" count="3" type="stmt"/>
                <line num="12" count="3" type="stmt"/>
                <line num="13" count="1" type="stmt"/>
                <line num="15" count="1" type="stmt"/>
                <line num="18" count="3" type="stmt"/>
                <line num="19" count="1" type="stmt"/>
                <line num="21" count="1" type="stmt"/>
                <line num="24" count="3" type="stmt"/>
                <line num="25" count="1" type="stmt"/>
                <line num="27" count="1" type="stmt"/>
                <line num="30" count="3" type="stmt"/>
            </file>
            <file name="customer-service.js" path="C:\Users\madis\IdeaProjects\CS188-6pm\services\customer-service.js">
                <metrics statements="15" coveredstatements="15" conditionals="2" coveredconditionals="2" methods="7"
                         coveredmethods="7"/>
                <line num="7" count="2" type="stmt"/>
                <line num="9" count="2" type="stmt"/>
                <line num="16" count="2" type="stmt"/>
                <line num="23" count="2" type="stmt"/>
                <line num="24" count="1" type="stmt"/>
                <line num="26" count="1" type="stmt"/>
                <line num="29" count="2" type="stmt"/>
                <line num="30" count="2" type="stmt"/>
                <line num="32" count="2" type="cond" truecount="2" falsecount="0"/>
                <line num="33" count="1" type="stmt"/>
                <line num="36" count="1" type="stmt"/>
                <line num="39" count="2" type="stmt"/>
                <line num="40" count="2" type="stmt"/>
                <line num="41" count="2" type="stmt"/>
                <line num="43" count="2" type="stmt"/>
            </file>
        </package>
    </project>
</coverage>
