{
  "C:\\Users\\madis\\IdeaProjects\\CS188-6pm\\controllers\\cart-controller.js": {
    "path": "C:\\Users\\madis\\IdeaProjects\\CS188-6pm\\controllers\\cart-controller.js",
    "statementMap": {
      "0": {
        "start": {
          "line": 4,
          "column": 4
        },
        "end": {
          "line": 4,
          "column": 39
        }
      },
      "1": {
        "start": {
          "line": 6,
          "column": 22
        },
        "end": {
          "line": 12,
          "column": 1
        }
      },
      "2": {
        "start": {
          "line": 7,
          "column": 4
        },
        "end": {
          "line": 11,
          "column": 7
        }
      },
      "3": {
        "start": {
          "line": 8,
          "column": 23
        },
        "end": {
          "line": 8,
          "column": 36
        }
      },
      "4": {
        "start": {
          "line": 14,
          "column": 29
        },
        "end": {
          "line": 28,
          "column": 1
        }
      },
      "5": {
        "start": {
          "line": 15,
          "column": 4
        },
        "end": {
          "line": 27,
          "column": 7
        }
      },
      "6": {
        "start": {
          "line": 17,
          "column": 25
        },
        "end": {
          "line": 17,
          "column": 63
        }
      },
      "7": {
        "start": {
          "line": 19,
          "column": 12
        },
        "end": {
          "line": 21,
          "column": 13
        }
      },
      "8": {
        "start": {
          "line": 20,
          "column": 16
        },
        "end": {
          "line": 20,
          "column": 46
        }
      },
      "9": {
        "start": {
          "line": 23,
          "column": 12
        },
        "end": {
          "line": 23,
          "column": 24
        }
      },
      "10": {
        "start": {
          "line": 30,
          "column": 28
        },
        "end": {
          "line": 33,
          "column": 1
        }
      },
      "11": {
        "start": {
          "line": 31,
          "column": 4
        },
        "end": {
          "line": 31,
          "column": 26
        }
      },
      "12": {
        "start": {
          "line": 32,
          "column": 4
        },
        "end": {
          "line": 32,
          "column": 33
        }
      },
      "13": {
        "start": {
          "line": 35,
          "column": 0
        },
        "end": {
          "line": 37,
          "column": 2
        }
      }
    },
    "fnMap": {
      "0": {
        "name": "(anonymous_0)",
        "decl": {
          "start": {
            "line": 6,
            "column": 22
          },
          "end": {
            "line": 6,
            "column": 23
          }
        },
        "loc": {
          "start": {
            "line": 6,
            "column": 34
          },
          "end": {
            "line": 12,
            "column": 1
          }
        },
        "line": 6
      },
      "1": {
        "name": "(anonymous_1)",
        "decl": {
          "start": {
            "line": 8,
            "column": 17
          },
          "end": {
            "line": 8,
            "column": 18
          }
        },
        "loc": {
          "start": {
            "line": 8,
            "column": 23
          },
          "end": {
            "line": 8,
            "column": 36
          }
        },
        "line": 8
      },
      "2": {
        "name": "(anonymous_2)",
        "decl": {
          "start": {
            "line": 14,
            "column": 29
          },
          "end": {
            "line": 14,
            "column": 30
          }
        },
        "loc": {
          "start": {
            "line": 14,
            "column": 41
          },
          "end": {
            "line": 28,
            "column": 1
          }
        },
        "line": 14
      },
      "3": {
        "name": "(anonymous_3)",
        "decl": {
          "start": {
            "line": 16,
            "column": 17
          },
          "end": {
            "line": 16,
            "column": 18
          }
        },
        "loc": {
          "start": {
            "line": 16,
            "column": 33
          },
          "end": {
            "line": 24,
            "column": 9
          }
        },
        "line": 16
      },
      "4": {
        "name": "(anonymous_4)",
        "decl": {
          "start": {
            "line": 30,
            "column": 28
          },
          "end": {
            "line": 30,
            "column": 29
          }
        },
        "loc": {
          "start": {
            "line": 30,
            "column": 40
          },
          "end": {
            "line": 33,
            "column": 1
          }
        },
        "line": 30
      }
    },
    "branchMap": {
      "0": {
        "loc": {
          "start": {
            "line": 19,
            "column": 12
          },
          "end": {
            "line": 21,
            "column": 13
          }
        },
        "type": "if",
        "locations": [
          {
            "start": {
              "line": 19,
              "column": 12
            },
            "end": {
              "line": 21,
              "column": 13
            }
          },
          {
            "start": {
              "line": 19,
              "column": 12
            },
            "end": {
              "line": 21,
              "column": 13
            }
          }
        ],
        "line": 19
      }
    },
    "s": {
      "0": 1,
      "1": 1,
      "2": 1,
      "3": 1,
      "4": 1,
      "5": 1,
      "6": 3,
      "7": 3,
      "8": 2,
      "9": 1,
      "10": 1,
      "11": 1,
      "12": 1,
      "13": 1
    },
    "f": {
      "0": 1,
      "1": 1,
      "2": 1,
      "3": 3,
      "4": 1
    },
    "b": {
      "0": [
        2,
        1
      ]
    },
    "_coverageSchema": "1a1c01bbd47fc00a2c39e90264f33305004495a9",
    "hash": "4e5ae1a709f1a0da3073bbc1816ad268100283d7"
  },
  "C:\\Users\\madis\\IdeaProjects\\CS188-6pm\\controllers\\customer-controller.js": {
    "path": "C:\\Users\\madis\\IdeaProjects\\CS188-6pm\\controllers\\customer-controller.js",
    "statementMap": {
      "0": {
        "start": {
          "line": 7,
          "column": 4
        },
        "end": {
          "line": 7,
          "column": 43
        }
      },
      "1": {
        "start": {
          "line": 8,
          "column": 31
        },
        "end": {
          "line": 8,
          "column": 66
        }
      },
      "2": {
        "start": {
          "line": 10,
          "column": 31
        },
        "end": {
          "line": 25,
          "column": 1
        }
      },
      "3": {
        "start": {
          "line": 11,
          "column": 4
        },
        "end": {
          "line": 24,
          "column": 7
        }
      },
      "4": {
        "start": {
          "line": 13,
          "column": 31
        },
        "end": {
          "line": 13,
          "column": 56
        }
      },
      "5": {
        "start": {
          "line": 14,
          "column": 29
        },
        "end": {
          "line": 14,
          "column": 64
        }
      },
      "6": {
        "start": {
          "line": 16,
          "column": 12
        },
        "end": {
          "line": 18,
          "column": 13
        }
      },
      "7": {
        "start": {
          "line": 17,
          "column": 16
        },
        "end": {
          "line": 17,
          "column": 46
        }
      },
      "8": {
        "start": {
          "line": 20,
          "column": 12
        },
        "end": {
          "line": 20,
          "column": 52
        }
      },
      "9": {
        "start": {
          "line": 27,
          "column": 26
        },
        "end": {
          "line": 33,
          "column": 1
        }
      },
      "10": {
        "start": {
          "line": 28,
          "column": 4
        },
        "end": {
          "line": 32,
          "column": 7
        }
      },
      "11": {
        "start": {
          "line": 29,
          "column": 23
        },
        "end": {
          "line": 29,
          "column": 40
        }
      },
      "12": {
        "start": {
          "line": 35,
          "column": 26
        },
        "end": {
          "line": 47,
          "column": 1
        }
      },
      "13": {
        "start": {
          "line": 36,
          "column": 4
        },
        "end": {
          "line": 46,
          "column": 7
        }
      },
      "14": {
        "start": {
          "line": 38,
          "column": 29
        },
        "end": {
          "line": 38,
          "column": 44
        }
      },
      "15": {
        "start": {
          "line": 40,
          "column": 12
        },
        "end": {
          "line": 40,
          "column": 34
        }
      },
      "16": {
        "start": {
          "line": 42,
          "column": 12
        },
        "end": {
          "line": 42,
          "column": 50
        }
      },
      "17": {
        "start": {
          "line": 49,
          "column": 28
        },
        "end": {
          "line": 59,
          "column": 1
        }
      },
      "18": {
        "start": {
          "line": 50,
          "column": 4
        },
        "end": {
          "line": 58,
          "column": 7
        }
      },
      "19": {
        "start": {
          "line": 52,
          "column": 12
        },
        "end": {
          "line": 52,
          "column": 44
        }
      },
      "20": {
        "start": {
          "line": 54,
          "column": 12
        },
        "end": {
          "line": 54,
          "column": 22
        }
      },
      "21": {
        "start": {
          "line": 61,
          "column": 28
        },
        "end": {
          "line": 71,
          "column": 1
        }
      },
      "22": {
        "start": {
          "line": 62,
          "column": 4
        },
        "end": {
          "line": 70,
          "column": 7
        }
      },
      "23": {
        "start": {
          "line": 64,
          "column": 12
        },
        "end": {
          "line": 64,
          "column": 66
        }
      },
      "24": {
        "start": {
          "line": 66,
          "column": 12
        },
        "end": {
          "line": 66,
          "column": 22
        }
      },
      "25": {
        "start": {
          "line": 73,
          "column": 37
        },
        "end": {
          "line": 87,
          "column": 1
        }
      },
      "26": {
        "start": {
          "line": 74,
          "column": 4
        },
        "end": {
          "line": 86,
          "column": 7
        }
      },
      "27": {
        "start": {
          "line": 76,
          "column": 29
        },
        "end": {
          "line": 76,
          "column": 79
        }
      },
      "28": {
        "start": {
          "line": 78,
          "column": 12
        },
        "end": {
          "line": 80,
          "column": 13
        }
      },
      "29": {
        "start": {
          "line": 79,
          "column": 16
        },
        "end": {
          "line": 79,
          "column": 46
        }
      },
      "30": {
        "start": {
          "line": 82,
          "column": 12
        },
        "end": {
          "line": 82,
          "column": 28
        }
      },
      "31": {
        "start": {
          "line": 89,
          "column": 32
        },
        "end": {
          "line": 96,
          "column": 1
        }
      },
      "32": {
        "start": {
          "line": 90,
          "column": 4
        },
        "end": {
          "line": 90,
          "column": 30
        }
      },
      "33": {
        "start": {
          "line": 91,
          "column": 4
        },
        "end": {
          "line": 91,
          "column": 41
        }
      },
      "34": {
        "start": {
          "line": 92,
          "column": 4
        },
        "end": {
          "line": 92,
          "column": 35
        }
      },
      "35": {
        "start": {
          "line": 93,
          "column": 4
        },
        "end": {
          "line": 93,
          "column": 30
        }
      },
      "36": {
        "start": {
          "line": 94,
          "column": 4
        },
        "end": {
          "line": 94,
          "column": 32
        }
      },
      "37": {
        "start": {
          "line": 95,
          "column": 4
        },
        "end": {
          "line": 95,
          "column": 32
        }
      },
      "38": {
        "start": {
          "line": 98,
          "column": 0
        },
        "end": {
          "line": 100,
          "column": 2
        }
      }
    },
    "fnMap": {
      "0": {
        "name": "(anonymous_0)",
        "decl": {
          "start": {
            "line": 10,
            "column": 31
          },
          "end": {
            "line": 10,
            "column": 32
          }
        },
        "loc": {
          "start": {
            "line": 10,
            "column": 43
          },
          "end": {
            "line": 25,
            "column": 1
          }
        },
        "line": 10
      },
      "1": {
        "name": "(anonymous_1)",
        "decl": {
          "start": {
            "line": 12,
            "column": 17
          },
          "end": {
            "line": 12,
            "column": 18
          }
        },
        "loc": {
          "start": {
            "line": 12,
            "column": 33
          },
          "end": {
            "line": 21,
            "column": 9
          }
        },
        "line": 12
      },
      "2": {
        "name": "(anonymous_2)",
        "decl": {
          "start": {
            "line": 27,
            "column": 26
          },
          "end": {
            "line": 27,
            "column": 27
          }
        },
        "loc": {
          "start": {
            "line": 27,
            "column": 38
          },
          "end": {
            "line": 33,
            "column": 1
          }
        },
        "line": 27
      },
      "3": {
        "name": "(anonymous_3)",
        "decl": {
          "start": {
            "line": 29,
            "column": 17
          },
          "end": {
            "line": 29,
            "column": 18
          }
        },
        "loc": {
          "start": {
            "line": 29,
            "column": 23
          },
          "end": {
            "line": 29,
            "column": 40
          }
        },
        "line": 29
      },
      "4": {
        "name": "(anonymous_4)",
        "decl": {
          "start": {
            "line": 35,
            "column": 26
          },
          "end": {
            "line": 35,
            "column": 27
          }
        },
        "loc": {
          "start": {
            "line": 35,
            "column": 38
          },
          "end": {
            "line": 47,
            "column": 1
          }
        },
        "line": 35
      },
      "5": {
        "name": "(anonymous_5)",
        "decl": {
          "start": {
            "line": 37,
            "column": 17
          },
          "end": {
            "line": 37,
            "column": 18
          }
        },
        "loc": {
          "start": {
            "line": 37,
            "column": 33
          },
          "end": {
            "line": 43,
            "column": 9
          }
        },
        "line": 37
      },
      "6": {
        "name": "(anonymous_6)",
        "decl": {
          "start": {
            "line": 49,
            "column": 28
          },
          "end": {
            "line": 49,
            "column": 29
          }
        },
        "loc": {
          "start": {
            "line": 49,
            "column": 40
          },
          "end": {
            "line": 59,
            "column": 1
          }
        },
        "line": 49
      },
      "7": {
        "name": "(anonymous_7)",
        "decl": {
          "start": {
            "line": 51,
            "column": 17
          },
          "end": {
            "line": 51,
            "column": 18
          }
        },
        "loc": {
          "start": {
            "line": 51,
            "column": 30
          },
          "end": {
            "line": 55,
            "column": 9
          }
        },
        "line": 51
      },
      "8": {
        "name": "(anonymous_8)",
        "decl": {
          "start": {
            "line": 61,
            "column": 28
          },
          "end": {
            "line": 61,
            "column": 29
          }
        },
        "loc": {
          "start": {
            "line": 61,
            "column": 40
          },
          "end": {
            "line": 71,
            "column": 1
          }
        },
        "line": 61
      },
      "9": {
        "name": "(anonymous_9)",
        "decl": {
          "start": {
            "line": 63,
            "column": 17
          },
          "end": {
            "line": 63,
            "column": 18
          }
        },
        "loc": {
          "start": {
            "line": 63,
            "column": 30
          },
          "end": {
            "line": 67,
            "column": 9
          }
        },
        "line": 63
      },
      "10": {
        "name": "(anonymous_10)",
        "decl": {
          "start": {
            "line": 73,
            "column": 37
          },
          "end": {
            "line": 73,
            "column": 38
          }
        },
        "loc": {
          "start": {
            "line": 73,
            "column": 49
          },
          "end": {
            "line": 87,
            "column": 1
          }
        },
        "line": 73
      },
      "11": {
        "name": "(anonymous_11)",
        "decl": {
          "start": {
            "line": 75,
            "column": 17
          },
          "end": {
            "line": 75,
            "column": 18
          }
        },
        "loc": {
          "start": {
            "line": 75,
            "column": 33
          },
          "end": {
            "line": 83,
            "column": 9
          }
        },
        "line": 75
      },
      "12": {
        "name": "(anonymous_12)",
        "decl": {
          "start": {
            "line": 89,
            "column": 32
          },
          "end": {
            "line": 89,
            "column": 33
          }
        },
        "loc": {
          "start": {
            "line": 89,
            "column": 44
          },
          "end": {
            "line": 96,
            "column": 1
          }
        },
        "line": 89
      }
    },
    "branchMap": {
      "0": {
        "loc": {
          "start": {
            "line": 16,
            "column": 12
          },
          "end": {
            "line": 18,
            "column": 13
          }
        },
        "type": "if",
        "locations": [
          {
            "start": {
              "line": 16,
              "column": 12
            },
            "end": {
              "line": 18,
              "column": 13
            }
          },
          {
            "start": {
              "line": 16,
              "column": 12
            },
            "end": {
              "line": 18,
              "column": 13
            }
          }
        ],
        "line": 16
      },
      "1": {
        "loc": {
          "start": {
            "line": 78,
            "column": 12
          },
          "end": {
            "line": 80,
            "column": 13
          }
        },
        "type": "if",
        "locations": [
          {
            "start": {
              "line": 78,
              "column": 12
            },
            "end": {
              "line": 80,
              "column": 13
            }
          },
          {
            "start": {
              "line": 78,
              "column": 12
            },
            "end": {
              "line": 80,
              "column": 13
            }
          }
        ],
        "line": 78
      }
    },
    "s": {
      "0": 1,
      "1": 1,
      "2": 1,
      "3": 1,
      "4": 2,
      "5": 2,
      "6": 2,
      "7": 1,
      "8": 1,
      "9": 1,
      "10": 1,
      "11": 1,
      "12": 1,
      "13": 1,
      "14": 1,
      "15": 1,
      "16": 1,
      "17": 1,
      "18": 1,
      "19": 1,
      "20": 1,
      "21": 1,
      "22": 1,
      "23": 1,
      "24": 1,
      "25": 1,
      "26": 1,
      "27": 2,
      "28": 2,
      "29": 1,
      "30": 1,
      "31": 1,
      "32": 1,
      "33": 1,
      "34": 1,
      "35": 1,
      "36": 1,
      "37": 1,
      "38": 1
    },
    "f": {
      "0": 1,
      "1": 2,
      "2": 1,
      "3": 1,
      "4": 1,
      "5": 1,
      "6": 1,
      "7": 1,
      "8": 1,
      "9": 1,
      "10": 1,
      "11": 2,
      "12": 1
    },
    "b": {
      "0": [
        1,
        1
      ],
      "1": [
        1,
        1
      ]
    },
    "_coverageSchema": "1a1c01bbd47fc00a2c39e90264f33305004495a9",
    "hash": "acec7691e4e1ec307d887a22804b4bd4994f4b7a"
  },
  "C:\\Users\\madis\\IdeaProjects\\CS188-6pm\\repositories\\cart-repository.js": {
    "path": "C:\\Users\\madis\\IdeaProjects\\CS188-6pm\\repositories\\cart-repository.js",
    "statementMap": {
      "0": {
        "start": {
          "line": 1,
          "column": 14
        },
        "end": {
          "line": 10,
          "column": 1
        }
      },
      "1": {
        "start": {
          "line": 12,
          "column": 20
        },
        "end": {
          "line": 14,
          "column": 2
        }
      },
      "2": {
        "start": {
          "line": 12,
          "column": 27
        },
        "end": {
          "line": 14,
          "column": 1
        }
      },
      "3": {
        "start": {
          "line": 16,
          "column": 27
        },
        "end": {
          "line": 17,
          "column": 52
        }
      },
      "4": {
        "start": {
          "line": 17,
          "column": 4
        },
        "end": {
          "line": 17,
          "column": 52
        }
      },
      "5": {
        "start": {
          "line": 17,
          "column": 25
        },
        "end": {
          "line": 17,
          "column": 51
        }
      },
      "6": {
        "start": {
          "line": 19,
          "column": 32
        },
        "end": {
          "line": 21,
          "column": 2
        }
      },
      "7": {
        "start": {
          "line": 19,
          "column": 49
        },
        "end": {
          "line": 21,
          "column": 1
        }
      },
      "8": {
        "start": {
          "line": 20,
          "column": 33
        },
        "end": {
          "line": 20,
          "column": 67
        }
      },
      "9": {
        "start": {
          "line": 23,
          "column": 0
        },
        "end": {
          "line": 27,
          "column": 2
        }
      }
    },
    "fnMap": {
      "0": {
        "name": "(anonymous_0)",
        "decl": {
          "start": {
            "line": 12,
            "column": 20
          },
          "end": {
            "line": 12,
            "column": 21
          }
        },
        "loc": {
          "start": {
            "line": 12,
            "column": 27
          },
          "end": {
            "line": 14,
            "column": 1
          }
        },
        "line": 12
      },
      "1": {
        "name": "(anonymous_1)",
        "decl": {
          "start": {
            "line": 16,
            "column": 27
          },
          "end": {
            "line": 16,
            "column": 28
          }
        },
        "loc": {
          "start": {
            "line": 17,
            "column": 4
          },
          "end": {
            "line": 17,
            "column": 52
          }
        },
        "line": 17
      },
      "2": {
        "name": "(anonymous_2)",
        "decl": {
          "start": {
            "line": 17,
            "column": 15
          },
          "end": {
            "line": 17,
            "column": 16
          }
        },
        "loc": {
          "start": {
            "line": 17,
            "column": 25
          },
          "end": {
            "line": 17,
            "column": 51
          }
        },
        "line": 17
      },
      "3": {
        "name": "(anonymous_3)",
        "decl": {
          "start": {
            "line": 19,
            "column": 32
          },
          "end": {
            "line": 19,
            "column": 33
          }
        },
        "loc": {
          "start": {
            "line": 19,
            "column": 49
          },
          "end": {
            "line": 21,
            "column": 1
          }
        },
        "line": 19
      },
      "4": {
        "name": "(anonymous_4)",
        "decl": {
          "start": {
            "line": 20,
            "column": 23
          },
          "end": {
            "line": 20,
            "column": 24
          }
        },
        "loc": {
          "start": {
            "line": 20,
            "column": 33
          },
          "end": {
            "line": 20,
            "column": 67
          }
        },
        "line": 20
      }
    },
    "branchMap": {},
    "s": {
      "0": 4,
      "1": 4,
      "2": 1,
      "3": 4,
      "4": 2,
      "5": 3,
      "6": 4,
      "7": 2,
      "8": 4,
      "9": 4
    },
    "f": {
      "0": 1,
      "1": 2,
      "2": 3,
      "3": 2,
      "4": 4
    },
    "b": {},
    "_coverageSchema": "1a1c01bbd47fc00a2c39e90264f33305004495a9",
    "hash": "4b10df53d89708212319c08b539e00ada9046183"
  },
  "C:\\Users\\madis\\IdeaProjects\\CS188-6pm\\repositories\\customer-repository.js": {
    "path": "C:\\Users\\madis\\IdeaProjects\\CS188-6pm\\repositories\\customer-repository.js",
    "statementMap": {
      "0": {
        "start": {
          "line": 1,
          "column": 16
        },
        "end": {
          "line": 8,
          "column": 1
        }
      },
      "1": {
        "start": {
          "line": 10,
          "column": 24
        },
        "end": {
          "line": 12,
          "column": 2
        }
      },
      "2": {
        "start": {
          "line": 10,
          "column": 31
        },
        "end": {
          "line": 12,
          "column": 1
        }
      },
      "3": {
        "start": {
          "line": 14,
          "column": 35
        },
        "end": {
          "line": 15,
          "column": 72
        }
      },
      "4": {
        "start": {
          "line": 15,
          "column": 4
        },
        "end": {
          "line": 15,
          "column": 72
        }
      },
      "5": {
        "start": {
          "line": 15,
          "column": 33
        },
        "end": {
          "line": 15,
          "column": 71
        }
      },
      "6": {
        "start": {
          "line": 17,
          "column": 23
        },
        "end": {
          "line": 17,
          "column": 61
        }
      },
      "7": {
        "start": {
          "line": 17,
          "column": 37
        },
        "end": {
          "line": 17,
          "column": 61
        }
      },
      "8": {
        "start": {
          "line": 19,
          "column": 23
        },
        "end": {
          "line": 28,
          "column": 1
        }
      },
      "9": {
        "start": {
          "line": 20,
          "column": 35
        },
        "end": {
          "line": 22,
          "column": 5
        }
      },
      "10": {
        "start": {
          "line": 21,
          "column": 8
        },
        "end": {
          "line": 21,
          "column": 66
        }
      },
      "11": {
        "start": {
          "line": 24,
          "column": 4
        },
        "end": {
          "line": 27,
          "column": 6
        }
      },
      "12": {
        "start": {
          "line": 30,
          "column": 35
        },
        "end": {
          "line": 34,
          "column": 1
        }
      },
      "13": {
        "start": {
          "line": 31,
          "column": 4
        },
        "end": {
          "line": 33,
          "column": 6
        }
      },
      "14": {
        "start": {
          "line": 32,
          "column": 8
        },
        "end": {
          "line": 32,
          "column": 46
        }
      },
      "15": {
        "start": {
          "line": 36,
          "column": 0
        },
        "end": {
          "line": 42,
          "column": 2
        }
      }
    },
    "fnMap": {
      "0": {
        "name": "(anonymous_0)",
        "decl": {
          "start": {
            "line": 10,
            "column": 24
          },
          "end": {
            "line": 10,
            "column": 25
          }
        },
        "loc": {
          "start": {
            "line": 10,
            "column": 31
          },
          "end": {
            "line": 12,
            "column": 1
          }
        },
        "line": 10
      },
      "1": {
        "name": "(anonymous_1)",
        "decl": {
          "start": {
            "line": 14,
            "column": 35
          },
          "end": {
            "line": 14,
            "column": 36
          }
        },
        "loc": {
          "start": {
            "line": 15,
            "column": 4
          },
          "end": {
            "line": 15,
            "column": 72
          }
        },
        "line": 15
      },
      "2": {
        "name": "(anonymous_2)",
        "decl": {
          "start": {
            "line": 15,
            "column": 19
          },
          "end": {
            "line": 15,
            "column": 20
          }
        },
        "loc": {
          "start": {
            "line": 15,
            "column": 33
          },
          "end": {
            "line": 15,
            "column": 71
          }
        },
        "line": 15
      },
      "3": {
        "name": "(anonymous_3)",
        "decl": {
          "start": {
            "line": 17,
            "column": 23
          },
          "end": {
            "line": 17,
            "column": 24
          }
        },
        "loc": {
          "start": {
            "line": 17,
            "column": 37
          },
          "end": {
            "line": 17,
            "column": 61
          }
        },
        "line": 17
      },
      "4": {
        "name": "(anonymous_4)",
        "decl": {
          "start": {
            "line": 19,
            "column": 23
          },
          "end": {
            "line": 19,
            "column": 24
          }
        },
        "loc": {
          "start": {
            "line": 19,
            "column": 44
          },
          "end": {
            "line": 28,
            "column": 1
          }
        },
        "line": 19
      },
      "5": {
        "name": "(anonymous_5)",
        "decl": {
          "start": {
            "line": 20,
            "column": 52
          },
          "end": {
            "line": 20,
            "column": 53
          }
        },
        "loc": {
          "start": {
            "line": 21,
            "column": 8
          },
          "end": {
            "line": 21,
            "column": 66
          }
        },
        "line": 21
      },
      "6": {
        "name": "(anonymous_6)",
        "decl": {
          "start": {
            "line": 30,
            "column": 35
          },
          "end": {
            "line": 30,
            "column": 36
          }
        },
        "loc": {
          "start": {
            "line": 30,
            "column": 51
          },
          "end": {
            "line": 34,
            "column": 1
          }
        },
        "line": 30
      },
      "7": {
        "name": "(anonymous_7)",
        "decl": {
          "start": {
            "line": 31,
            "column": 33
          },
          "end": {
            "line": 31,
            "column": 34
          }
        },
        "loc": {
          "start": {
            "line": 32,
            "column": 8
          },
          "end": {
            "line": 32,
            "column": 46
          }
        },
        "line": 32
      }
    },
    "branchMap": {},
    "s": {
      "0": 3,
      "1": 3,
      "2": 3,
      "3": 3,
      "4": 2,
      "5": 3,
      "6": 3,
      "7": 1,
      "8": 3,
      "9": 1,
      "10": 1,
      "11": 1,
      "12": 3,
      "13": 1,
      "14": 1,
      "15": 3
    },
    "f": {
      "0": 3,
      "1": 2,
      "2": 3,
      "3": 1,
      "4": 1,
      "5": 1,
      "6": 1,
      "7": 1
    },
    "b": {},
    "_coverageSchema": "1a1c01bbd47fc00a2c39e90264f33305004495a9",
    "hash": "ee8a0b1027e5af0ec9c707a1f91c7940d88395d1"
  },
  "C:\\Users\\madis\\IdeaProjects\\CS188-6pm\\services\\cart-service.js": {
    "path": "C:\\Users\\madis\\IdeaProjects\\CS188-6pm\\services\\cart-service.js",
    "statementMap": {
      "0": {
        "start": {
          "line": 5,
          "column": 4
        },
        "end": {
          "line": 5,
          "column": 46
        }
      },
      "1": {
        "start": {
          "line": 7,
          "column": 19
        },
        "end": {
          "line": 10,
          "column": 2
        }
      },
      "2": {
        "start": {
          "line": 7,
          "column": 30
        },
        "end": {
          "line": 10,
          "column": 1
        }
      },
      "3": {
        "start": {
          "line": 12,
          "column": 20
        },
        "end": {
          "line": 16,
          "column": 1
        }
      },
      "4": {
        "start": {
          "line": 13,
          "column": 19
        },
        "end": {
          "line": 13,
          "column": 32
        }
      },
      "5": {
        "start": {
          "line": 15,
          "column": 4
        },
        "end": {
          "line": 15,
          "column": 32
        }
      },
      "6": {
        "start": {
          "line": 18,
          "column": 24
        },
        "end": {
          "line": 22,
          "column": 1
        }
      },
      "7": {
        "start": {
          "line": 19,
          "column": 17
        },
        "end": {
          "line": 19,
          "column": 43
        }
      },
      "8": {
        "start": {
          "line": 21,
          "column": 4
        },
        "end": {
          "line": 21,
          "column": 28
        }
      },
      "9": {
        "start": {
          "line": 24,
          "column": 29
        },
        "end": {
          "line": 28,
          "column": 1
        }
      },
      "10": {
        "start": {
          "line": 25,
          "column": 19
        },
        "end": {
          "line": 25,
          "column": 54
        }
      },
      "11": {
        "start": {
          "line": 27,
          "column": 4
        },
        "end": {
          "line": 27,
          "column": 32
        }
      },
      "12": {
        "start": {
          "line": 30,
          "column": 0
        },
        "end": {
          "line": 34,
          "column": 2
        }
      }
    },
    "fnMap": {
      "0": {
        "name": "(anonymous_0)",
        "decl": {
          "start": {
            "line": 7,
            "column": 19
          },
          "end": {
            "line": 7,
            "column": 20
          }
        },
        "loc": {
          "start": {
            "line": 7,
            "column": 30
          },
          "end": {
            "line": 10,
            "column": 1
          }
        },
        "line": 7
      },
      "1": {
        "name": "(anonymous_1)",
        "decl": {
          "start": {
            "line": 12,
            "column": 20
          },
          "end": {
            "line": 12,
            "column": 21
          }
        },
        "loc": {
          "start": {
            "line": 12,
            "column": 26
          },
          "end": {
            "line": 16,
            "column": 1
          }
        },
        "line": 12
      },
      "2": {
        "name": "(anonymous_2)",
        "decl": {
          "start": {
            "line": 18,
            "column": 24
          },
          "end": {
            "line": 18,
            "column": 25
          }
        },
        "loc": {
          "start": {
            "line": 18,
            "column": 36
          },
          "end": {
            "line": 22,
            "column": 1
          }
        },
        "line": 18
      },
      "3": {
        "name": "(anonymous_3)",
        "decl": {
          "start": {
            "line": 24,
            "column": 29
          },
          "end": {
            "line": 24,
            "column": 30
          }
        },
        "loc": {
          "start": {
            "line": 24,
            "column": 45
          },
          "end": {
            "line": 28,
            "column": 1
          }
        },
        "line": 24
      }
    },
    "branchMap": {},
    "s": {
      "0": 3,
      "1": 3,
      "2": 3,
      "3": 3,
      "4": 1,
      "5": 1,
      "6": 3,
      "7": 1,
      "8": 1,
      "9": 3,
      "10": 1,
      "11": 1,
      "12": 3
    },
    "f": {
      "0": 3,
      "1": 1,
      "2": 1,
      "3": 1
    },
    "b": {},
    "_coverageSchema": "1a1c01bbd47fc00a2c39e90264f33305004495a9",
    "hash": "fed89f121c9c31531ec6bf828967ea4b25f80fe1"
  },
  "C:\\Users\\madis\\IdeaProjects\\CS188-6pm\\services\\customer-service.js": {
    "path": "C:\\Users\\madis\\IdeaProjects\\CS188-6pm\\services\\customer-service.js",
    "statementMap": {
      "0": {
        "start": {
          "line": 7,
          "column": 4
        },
        "end": {
          "line": 7,
          "column": 50
        }
      },
      "1": {
        "start": {
          "line": 9,
          "column": 19
        },
        "end": {
          "line": 14,
          "column": 2
        }
      },
      "2": {
        "start": {
          "line": 9,
          "column": 34
        },
        "end": {
          "line": 14,
          "column": 1
        }
      },
      "3": {
        "start": {
          "line": 16,
          "column": 17
        },
        "end": {
          "line": 21,
          "column": 2
        }
      },
      "4": {
        "start": {
          "line": 16,
          "column": 32
        },
        "end": {
          "line": 21,
          "column": 1
        }
      },
      "5": {
        "start": {
          "line": 23,
          "column": 24
        },
        "end": {
          "line": 27,
          "column": 1
        }
      },
      "6": {
        "start": {
          "line": 24,
          "column": 19
        },
        "end": {
          "line": 24,
          "column": 36
        }
      },
      "7": {
        "start": {
          "line": 26,
          "column": 4
        },
        "end": {
          "line": 26,
          "column": 32
        }
      },
      "8": {
        "start": {
          "line": 29,
          "column": 32
        },
        "end": {
          "line": 37,
          "column": 1
        }
      },
      "9": {
        "start": {
          "line": 30,
          "column": 21
        },
        "end": {
          "line": 30,
          "column": 59
        }
      },
      "10": {
        "start": {
          "line": 32,
          "column": 4
        },
        "end": {
          "line": 34,
          "column": 5
        }
      },
      "11": {
        "start": {
          "line": 33,
          "column": 8
        },
        "end": {
          "line": 33,
          "column": 20
        }
      },
      "12": {
        "start": {
          "line": 36,
          "column": 4
        },
        "end": {
          "line": 36,
          "column": 32
        }
      },
      "13": {
        "start": {
          "line": 39,
          "column": 20
        },
        "end": {
          "line": 39,
          "column": 68
        }
      },
      "14": {
        "start": {
          "line": 39,
          "column": 34
        },
        "end": {
          "line": 39,
          "column": 68
        }
      },
      "15": {
        "start": {
          "line": 40,
          "column": 23
        },
        "end": {
          "line": 40,
          "column": 71
        }
      },
      "16": {
        "start": {
          "line": 40,
          "column": 37
        },
        "end": {
          "line": 40,
          "column": 71
        }
      },
      "17": {
        "start": {
          "line": 41,
          "column": 35
        },
        "end": {
          "line": 41,
          "column": 89
        }
      },
      "18": {
        "start": {
          "line": 41,
          "column": 51
        },
        "end": {
          "line": 41,
          "column": 89
        }
      },
      "19": {
        "start": {
          "line": 43,
          "column": 0
        },
        "end": {
          "line": 49,
          "column": 2
        }
      }
    },
    "fnMap": {
      "0": {
        "name": "(anonymous_0)",
        "decl": {
          "start": {
            "line": 9,
            "column": 19
          },
          "end": {
            "line": 9,
            "column": 20
          }
        },
        "loc": {
          "start": {
            "line": 9,
            "column": 34
          },
          "end": {
            "line": 14,
            "column": 1
          }
        },
        "line": 9
      },
      "1": {
        "name": "(anonymous_1)",
        "decl": {
          "start": {
            "line": 16,
            "column": 17
          },
          "end": {
            "line": 16,
            "column": 18
          }
        },
        "loc": {
          "start": {
            "line": 16,
            "column": 32
          },
          "end": {
            "line": 21,
            "column": 1
          }
        },
        "line": 16
      },
      "2": {
        "name": "(anonymous_2)",
        "decl": {
          "start": {
            "line": 23,
            "column": 24
          },
          "end": {
            "line": 23,
            "column": 25
          }
        },
        "loc": {
          "start": {
            "line": 23,
            "column": 30
          },
          "end": {
            "line": 27,
            "column": 1
          }
        },
        "line": 23
      },
      "3": {
        "name": "(anonymous_3)",
        "decl": {
          "start": {
            "line": 29,
            "column": 32
          },
          "end": {
            "line": 29,
            "column": 33
          }
        },
        "loc": {
          "start": {
            "line": 29,
            "column": 48
          },
          "end": {
            "line": 37,
            "column": 1
          }
        },
        "line": 29
      },
      "4": {
        "name": "(anonymous_4)",
        "decl": {
          "start": {
            "line": 39,
            "column": 20
          },
          "end": {
            "line": 39,
            "column": 21
          }
        },
        "loc": {
          "start": {
            "line": 39,
            "column": 34
          },
          "end": {
            "line": 39,
            "column": 68
          }
        },
        "line": 39
      },
      "5": {
        "name": "(anonymous_5)",
        "decl": {
          "start": {
            "line": 40,
            "column": 23
          },
          "end": {
            "line": 40,
            "column": 24
          }
        },
        "loc": {
          "start": {
            "line": 40,
            "column": 37
          },
          "end": {
            "line": 40,
            "column": 71
          }
        },
        "line": 40
      },
      "6": {
        "name": "(anonymous_6)",
        "decl": {
          "start": {
            "line": 41,
            "column": 35
          },
          "end": {
            "line": 41,
            "column": 36
          }
        },
        "loc": {
          "start": {
            "line": 41,
            "column": 51
          },
          "end": {
            "line": 41,
            "column": 89
          }
        },
        "line": 41
      }
    },
    "branchMap": {
      "0": {
        "loc": {
          "start": {
            "line": 32,
            "column": 4
          },
          "end": {
            "line": 34,
            "column": 5
          }
        },
        "type": "if",
        "locations": [
          {
            "start": {
              "line": 32,
              "column": 4
            },
            "end": {
              "line": 34,
              "column": 5
            }
          },
          {
            "start": {
              "line": 32,
              "column": 4
            },
            "end": {
              "line": 34,
              "column": 5
            }
          }
        ],
        "line": 32
      }
    },
    "s": {
      "0": 2,
      "1": 2,
      "2": 2,
      "3": 2,
      "4": 2,
      "5": 2,
      "6": 1,
      "7": 1,
      "8": 2,
      "9": 2,
      "10": 2,
      "11": 1,
      "12": 1,
      "13": 2,
      "14": 1,
      "15": 2,
      "16": 1,
      "17": 2,
      "18": 1,
      "19": 2
    },
    "f": {
      "0": 2,
      "1": 2,
      "2": 1,
      "3": 2,
      "4": 1,
      "5": 1,
      "6": 1
    },
    "b": {
      "0": [
        1,
        1
      ]
    },
    "_coverageSchema": "1a1c01bbd47fc00a2c39e90264f33305004495a9",
    "hash": "116303bb7d30527529fcd594b188f31e487dce75"
  }
}
